<?xml version="1.0" encoding="UTF-8"?>
<testsuite xmlns:xsi="http://www.w3.org/2001/XMLSchema-instance" xsi:noNamespaceSchemaLocation="https://maven.apache.org/surefire/maven-surefire-plugin/xsd/surefire-test-report-3.0.xsd" version="3.0" name="com.dacm.springboot.demo.firstAppSpringBoot.FirstAppSpringBootApplicationTests" time="7.969" tests="1" errors="0" skipped="0" failures="0">
  <properties>
[...]
</properties>
  <testcase name="contextLoads" classname="com.dacm.springboot.demo.firstAppSpringBoot.FirstAppSpringBootApplicationTests" time="1.895">
    <system-out><![CDATA[18:27:14.770 [main] INFO org.springframework.test.context.support.AnnotationConfigContextLoaderUtils -- Could not detect default configuration classes for test class [com.dacm.springboot.demo.firstAppSpringBoot.FirstAppSpringBootApplicationTests]: FirstAppSpringBootApplicationTests does not declare any static, non-private, non-final, nested classes annotated with @Configuration.
18:27:14.994 [main] INFO org.springframework.boot.test.context.SpringBootTestContextBootstrapper -- Found @SpringBootConfiguration com.dacm.springboot.demo.firstAppSpringBoot.FirstAppSpringBootApplication for test class com.dacm.springboot.demo.firstAppSpringBoot.FirstAppSpringBootApplicationTests
18:27:15.477 [main] INFO org.springframework.boot.devtools.restart.RestartApplicationListener -- Restart disabled due to context in which it is running

  .   ____          _            __ _ _
 /\\ / ___'_ __ _ _(_)_ __  __ _ \ \ \ \
( ( )\___ | '_ | '_| | '_ \/ _` | \ \ \ \
 \\/  ___)| |_)| | | | | || (_| |  ) ) ) )
  '  |____| .__|_| |_|_| |_\__, | / / / /
 =========|_|==============|___/=/_/_/_/
 :: Spring Boot ::             (v3.3.0-M1)

2024-01-25T18:27:16.013+01:00  INFO 15688 --- [           main] s.d.f.FirstAppSpringBootApplicationTests : Starting FirstAppSpringBootApplicationTests using Java 17.0.5 with PID 15688 (started by danie in C:\Users\danie\Documents\COURSES\04-SPRING-BOOT-COURSE\01-dev-spring-boot\01-spring-boot-overview\05-command-line-demo)
2024-01-25T18:27:16.015+01:00  INFO 15688 --- [           main] s.d.f.FirstAppSpringBootApplicationTests : No active profile set, falling back to 1 default profile: "default"
2024-01-25T18:27:20.178+01:00  INFO 15688 --- [           main] o.s.b.a.e.web.EndpointLinksResolver      : Exposing 13 endpoints beneath base path '/actuator'
2024-01-25T18:27:20.315+01:00  INFO 15688 --- [           main] s.d.f.FirstAppSpringBootApplicationTests : Started FirstAppSpringBootApplicationTests in 4.862 seconds (process running for 6.816)
]]></system-out>
  </testcase>
</testsuite>